[2026-03-26T15:06:16.5003046Z] [Debug] Continuous profiling configuration: Thread sampling enabled: False, thread sampling interval: 0, allocation sampling enabled: False, max memory samples per minute: 0, export interval: 00:00:00, export timeout: 00:00:00, continuous profiler exporter: System.Object 
[2026-03-26T15:06:16.5284012Z] [Debug] EventSource=OpenTelemetry-AutoInstrumentation, Message=Continuous profiling configuration: Thread sampling enabled: False, thread sampling interval: 0, allocation sampling enabled: False, max memory samples per minute: 0, export interval: 00:00:00, export timeout: 00:00:00, continuous profiler exporter: System.Object 
[2026-03-26T15:06:16.7632021Z] [Debug] EventSource=OpenTelemetry-Sdk, Message=TracerProviderSdk event: 'Building TracerProvider.' 
[2026-03-26T15:06:16.7921391Z] [Debug] Starting 'HttpClientInitializerForSystemNetHttp' initializer 
[2026-03-26T15:06:16.7921391Z] [Debug] EventSource=OpenTelemetry-AutoInstrumentation, Message=Starting 'HttpClientInitializerForSystemNetHttp' initializer 
[2026-03-26T15:06:16.8898432Z] [Debug] Initializer 'HttpClientInitializerForSystemNetHttp' completed 
[2026-03-26T15:06:16.8898432Z] [Debug] EventSource=OpenTelemetry-AutoInstrumentation, Message=Initializer 'HttpClientInitializerForSystemNetHttp' completed 
[2026-03-26T15:06:16.9032405Z] [Debug] EventSource=OpenTelemetry-AutoInstrumentation-Loader, Message=Check assembly Microsoft.Extensions.Http 
[2026-03-26T15:06:16.9032405Z] [Debug] EventSource=OpenTelemetry-AutoInstrumentation-Loader, Message=Requester [<null>] requested [Microsoft.Extensions.Http] 
[2026-03-26T15:06:16.9032405Z] [Debug] EventSource=OpenTelemetry-AutoInstrumentation-Loader, Message=Check assembly Microsoft.Extensions.Http 
[2026-03-26T15:06:16.9032405Z] [Debug] EventSource=OpenTelemetry-AutoInstrumentation-Loader, Message=Requester [<null>] requested [Microsoft.Extensions.Http] 
[2026-03-26T15:06:16.9899314Z] [Debug] EventSource=OpenTelemetry-Sdk, Message=TracerProviderSdk event: 'Sampler added = "OpenTelemetry.Trace.ParentBasedSampler".' 
[2026-03-26T15:06:16.9939326Z] [Debug] EventSource=OpenTelemetry-Sdk, Message=TracerProviderSdk event: 'Processors added = "OpenTelemetry.BatchActivityExportProcessor".' 
[2026-03-26T15:06:17.0241015Z] [Debug] EventSource=OpenTelemetry-Sdk, Message=TracerProviderSdk event: 'TracerProvider built successfully.' 
[2026-03-26T15:06:17.0241015Z] [Information] OpenTelemetry tracer initialized. 
[2026-03-26T15:06:17.0241015Z] [Information] EventSource=OpenTelemetry-AutoInstrumentation, Message=OpenTelemetry tracer initialized. 
[2026-03-26T15:06:17.0366488Z] [Debug] Starting 'HttpClientMetricsInitializer' initializer 
[2026-03-26T15:06:17.0366488Z] [Debug] EventSource=OpenTelemetry-AutoInstrumentation, Message=Starting 'HttpClientMetricsInitializer' initializer 
[2026-03-26T15:06:17.0423296Z] [Debug] Initializer 'HttpClientMetricsInitializer' completed 
[2026-03-26T15:06:17.0423296Z] [Debug] EventSource=OpenTelemetry-AutoInstrumentation, Message=Initializer 'HttpClientMetricsInitializer' completed 
[2026-03-26T15:06:17.0550636Z] [Debug] EventSource=OpenTelemetry-Sdk, Message=MeterProviderSdk event: 'Building MeterProvider.' 
[2026-03-26T15:06:17.0768634Z] [Debug] EventSource=OpenTelemetry-AutoInstrumentation-Loader, Message=Check assembly Microsoft.Extensions.Http 
[2026-03-26T15:06:17.0768634Z] [Debug] EventSource=OpenTelemetry-AutoInstrumentation-Loader, Message=Requester [<null>] requested [Microsoft.Extensions.Http] 
[2026-03-26T15:06:17.0793715Z] [Debug] EventSource=OpenTelemetry-AutoInstrumentation-Loader, Message=Check assembly Microsoft.Extensions.Http 
[2026-03-26T15:06:17.0793715Z] [Debug] EventSource=OpenTelemetry-AutoInstrumentation-Loader, Message=Requester [<null>] requested [Microsoft.Extensions.Http] 
[2026-03-26T15:06:17.0903950Z] [Debug] EventSource=OpenTelemetry-Sdk, Message=MeterProviderSdk event: 'MeterProvider configuration: {MetricLimit=1000, CardinalityLimit=2000, ExemplarFilter=, ExemplarFilterForHistograms=}.' 
[2026-03-26T15:06:17.0903950Z] [Debug] EventSource=OpenTelemetry-Sdk, Message=MeterProviderSdk event: 'Exporters added = "OpenTelemetry.Exporter.OtlpMetricExporter (Paired with PeriodicExportingMetricReader exporting at 60000 milliseconds intervals.)".' 
[2026-03-26T15:06:17.0903950Z] [Debug] EventSource=OpenTelemetry-Sdk, Message=MeterProviderSdk event: 'Instrumentations added = "RuntimeMetrics;ProcessMetrics".' 
[2026-03-26T15:06:17.0913964Z] [Debug] EventSource=OpenTelemetry-Sdk, Message=MeterProviderSdk event: 'Listening to following meters = "OpenTelemetry.Instrumentation.AspNet;OpenTelemetry.Instrumentation.Http;OpenTelemetry.Instrumentation.Runtime;OpenTelemetry.Instrumentation.Process;NServiceBus.Core;OpenTelemetry.Instrumentation.SqlClient".' 
[2026-03-26T15:06:17.0913964Z] [Debug] EventSource=OpenTelemetry-Sdk, Message=MeterProviderSdk event: 'Number of views configured = 0.' 
[2026-03-26T15:06:17.0963938Z] [Debug] EventSource=OpenTelemetry-Sdk, Message=MeterProviderSdk event: 'Started publishing Instrument = "http.client.request.duration" of Meter = "OpenTelemetry.Instrumentation.Http".' 
[2026-03-26T15:06:17.1043107Z] [Debug] EventSource=OpenTelemetry-Sdk, Message=MeterProviderSdk event: 'Measurements for Instrument = "http.client.request.duration" of Meter = "OpenTelemetry.Instrumentation.Http" will be processed and aggregated by the SDK.' 
[2026-03-26T15:06:17.1043107Z] [Debug] EventSource=OpenTelemetry-Sdk, Message=MeterProviderSdk event: 'Started publishing Instrument = "process.runtime.dotnet.gc.collections.count" of Meter = "OpenTelemetry.Instrumentation.Runtime".' 
[2026-03-26T15:06:17.1194423Z] [Debug] EventSource=OpenTelemetry-Sdk, Message=MeterProviderSdk event: 'Measurements for Instrument = "process.runtime.dotnet.gc.collections.count" of Meter = "OpenTelemetry.Instrumentation.Runtime" will be processed and aggregated by the SDK.' 
[2026-03-26T15:06:17.1194423Z] [Debug] EventSource=OpenTelemetry-Sdk, Message=MeterProviderSdk event: 'Started publishing Instrument = "process.runtime.dotnet.gc.objects.size" of Meter = "OpenTelemetry.Instrumentation.Runtime".' 
[2026-03-26T15:06:17.1194423Z] [Debug] EventSource=OpenTelemetry-Sdk, Message=MeterProviderSdk event: 'Measurements for Instrument = "process.runtime.dotnet.gc.objects.size" of Meter = "OpenTelemetry.Instrumentation.Runtime" will be processed and aggregated by the SDK.' 
[2026-03-26T15:06:17.1194423Z] [Debug] EventSource=OpenTelemetry-Sdk, Message=MeterProviderSdk event: 'Started publishing Instrument = "process.runtime.dotnet.assemblies.count" of Meter = "OpenTelemetry.Instrumentation.Runtime".' 
[2026-03-26T15:06:17.1204531Z] [Debug] EventSource=OpenTelemetry-Sdk, Message=MeterProviderSdk event: 'Measurements for Instrument = "process.runtime.dotnet.assemblies.count" of Meter = "OpenTelemetry.Instrumentation.Runtime" will be processed and aggregated by the SDK.' 
[2026-03-26T15:06:17.1204531Z] [Debug] EventSource=OpenTelemetry-Sdk, Message=MeterProviderSdk event: 'Started publishing Instrument = "process.runtime.dotnet.exceptions.count" of Meter = "OpenTelemetry.Instrumentation.Runtime".' 
[2026-03-26T15:06:17.1204531Z] [Debug] EventSource=OpenTelemetry-Sdk, Message=MeterProviderSdk event: 'Measurements for Instrument = "process.runtime.dotnet.exceptions.count" of Meter = "OpenTelemetry.Instrumentation.Runtime" will be processed and aggregated by the SDK.' 
[2026-03-26T15:06:17.1204531Z] [Debug] EventSource=OpenTelemetry-Sdk, Message=MeterProviderSdk event: 'Started publishing Instrument = "process.memory.usage" of Meter = "OpenTelemetry.Instrumentation.Process".' 
[2026-03-26T15:06:17.1204531Z] [Debug] EventSource=OpenTelemetry-Sdk, Message=MeterProviderSdk event: 'Measurements for Instrument = "process.memory.usage" of Meter = "OpenTelemetry.Instrumentation.Process" will be processed and aggregated by the SDK.' 
[2026-03-26T15:06:17.1204531Z] [Debug] EventSource=OpenTelemetry-Sdk, Message=MeterProviderSdk event: 'Started publishing Instrument = "process.memory.virtual" of Meter = "OpenTelemetry.Instrumentation.Process".' 
[2026-03-26T15:06:17.1228069Z] [Debug] EventSource=OpenTelemetry-Sdk, Message=MeterProviderSdk event: 'Measurements for Instrument = "process.memory.virtual" of Meter = "OpenTelemetry.Instrumentation.Process" will be processed and aggregated by the SDK.' 
[2026-03-26T15:06:17.1228069Z] [Debug] EventSource=OpenTelemetry-Sdk, Message=MeterProviderSdk event: 'Started publishing Instrument = "process.cpu.time" of Meter = "OpenTelemetry.Instrumentation.Process".' 
[2026-03-26T15:06:17.1228069Z] [Debug] EventSource=OpenTelemetry-Sdk, Message=MeterProviderSdk event: 'Measurements for Instrument = "process.cpu.time" of Meter = "OpenTelemetry.Instrumentation.Process" will be processed and aggregated by the SDK.' 
[2026-03-26T15:06:17.1228069Z] [Debug] EventSource=OpenTelemetry-Sdk, Message=MeterProviderSdk event: 'Started publishing Instrument = "process.cpu.count" of Meter = "OpenTelemetry.Instrumentation.Process".' 
[2026-03-26T15:06:17.1228069Z] [Debug] EventSource=OpenTelemetry-Sdk, Message=MeterProviderSdk event: 'Measurements for Instrument = "process.cpu.count" of Meter = "OpenTelemetry.Instrumentation.Process" will be processed and aggregated by the SDK.' 
[2026-03-26T15:06:17.1228069Z] [Debug] EventSource=OpenTelemetry-Sdk, Message=MeterProviderSdk event: 'Started publishing Instrument = "process.thread.count" of Meter = "OpenTelemetry.Instrumentation.Process".' 
[2026-03-26T15:06:17.1228069Z] [Debug] EventSource=OpenTelemetry-Sdk, Message=MeterProviderSdk event: 'Measurements for Instrument = "process.thread.count" of Meter = "OpenTelemetry.Instrumentation.Process" will be processed and aggregated by the SDK.' 
[2026-03-26T15:06:17.1228069Z] [Debug] EventSource=OpenTelemetry-Sdk, Message=MeterProviderSdk event: 'MeterProvider built successfully.' 
[2026-03-26T15:06:17.1238099Z] [Information] OpenTelemetry meter initialized. 
[2026-03-26T15:06:17.1238099Z] [Information] EventSource=OpenTelemetry-AutoInstrumentation, Message=OpenTelemetry meter initialized. 
[2026-03-26T15:06:17.1385209Z] [Debug] Sending CallTarget direct integration definitions to native library. 
[2026-03-26T15:06:17.1385209Z] [Debug] EventSource=OpenTelemetry-AutoInstrumentation, Message=Sending CallTarget direct integration definitions to native library. 
[2026-03-26T15:06:17.1415165Z] [Information] The profiler has been initialized with 50 direct definitions for FFAFA5168C4F4718B40CA8788875C2DA. 
[2026-03-26T15:06:17.1415165Z] [Information] EventSource=OpenTelemetry-AutoInstrumentation, Message=The profiler has been initialized with 50 direct definitions for FFAFA5168C4F4718B40CA8788875C2DA. 
[2026-03-26T15:06:17.1440313Z] [Debug] Sending CallTarget derived integration definitions to native library. 
[2026-03-26T15:06:17.1440313Z] [Debug] EventSource=OpenTelemetry-AutoInstrumentation, Message=Sending CallTarget derived integration definitions to native library. 
[2026-03-26T15:06:17.1450312Z] [Information] The profiler has been initialized with 4 derived definitions for 61BF627FA9B5477F85595A9F0D68B29C. 
[2026-03-26T15:06:17.1450312Z] [Information] EventSource=OpenTelemetry-AutoInstrumentation, Message=The profiler has been initialized with 4 derived definitions for 61BF627FA9B5477F85595A9F0D68B29C. 
[2026-03-26T15:06:17.4166751Z] [Debug] EventSource=OpenTelemetry-AutoInstrumentation-Loader, Message=Check assembly OpenTelemetry.AutoInstrumentation 
[2026-03-26T15:06:17.4166751Z] [Debug] EventSource=OpenTelemetry-AutoInstrumentation-Loader, Message=Requester [<null>] requested [OpenTelemetry.AutoInstrumentation, Version=1.0.0.0, Culture=neutral, PublicKeyToken=c0db600a13f60b51] 
[2026-03-26T15:06:17.4172117Z] [Debug] EventSource=OpenTelemetry-AutoInstrumentation-Loader, Message=Assembly.LoadFrom("C:\Users\sd789148\repos\otel-framework-auto-instrument\otel-dotnet-auto\netfx\OpenTelemetry.AutoInstrumentation.dll") succeeded=True 
[2026-03-26T15:06:17.4227445Z] [Debug] Creating BeginMethod Dynamic Method for 'OpenTelemetry.AutoInstrumentation.Instrumentations.NLog.TraceContextInjection.Integrations.NLogWriteToTargetsIntegration' integration. [Target=NLog.Logger] 
[2026-03-26T15:06:17.4227445Z] [Debug] EventSource=OpenTelemetry-AutoInstrumentation, Message=Creating BeginMethod Dynamic Method for 'OpenTelemetry.AutoInstrumentation.Instrumentations.NLog.TraceContextInjection.Integrations.NLogWriteToTargetsIntegration' integration. [Target=NLog.Logger] 
[2026-03-26T15:06:17.4295612Z] [Debug] Created BeginMethod Dynamic Method for 'OpenTelemetry.AutoInstrumentation.Instrumentations.NLog.TraceContextInjection.Integrations.NLogWriteToTargetsIntegration' integration. [Target=NLog.Logger] 
[2026-03-26T15:06:17.4295612Z] [Debug] EventSource=OpenTelemetry-AutoInstrumentation, Message=Created BeginMethod Dynamic Method for 'OpenTelemetry.AutoInstrumentation.Instrumentations.NLog.TraceContextInjection.Integrations.NLogWriteToTargetsIntegration' integration. [Target=NLog.Logger] 
[2026-03-26T15:06:17.5271050Z] [Debug] Creating EndMethod Dynamic Method for 'OpenTelemetry.AutoInstrumentation.Instrumentations.NLog.TraceContextInjection.Integrations.NLogWriteToTargetsIntegration' integration. [Target=NLog.Logger] 
[2026-03-26T15:06:17.5271050Z] [Debug] EventSource=OpenTelemetry-AutoInstrumentation, Message=Creating EndMethod Dynamic Method for 'OpenTelemetry.AutoInstrumentation.Instrumentations.NLog.TraceContextInjection.Integrations.NLogWriteToTargetsIntegration' integration. [Target=NLog.Logger] 
[2026-03-26T15:06:17.5364515Z] [Debug] Starting 'SqlClientTracerInitializerForSystemData' initializer 
[2026-03-26T15:06:17.5364515Z] [Debug] EventSource=OpenTelemetry-AutoInstrumentation, Message=Starting 'SqlClientTracerInitializerForSystemData' initializer 
[2026-03-26T15:06:17.5430898Z] [Debug] Initializer 'SqlClientTracerInitializerForSystemData' completed 
[2026-03-26T15:06:17.5430898Z] [Debug] EventSource=OpenTelemetry-AutoInstrumentation, Message=Initializer 'SqlClientTracerInitializerForSystemData' completed 
[2026-03-26T15:06:17.5430898Z] [Debug] Starting 'SqlClientMetricsInitializerForSystemData' initializer 
[2026-03-26T15:06:17.5430898Z] [Debug] EventSource=OpenTelemetry-AutoInstrumentation, Message=Starting 'SqlClientMetricsInitializerForSystemData' initializer 
[2026-03-26T15:06:17.5440987Z] [Debug] Initializer 'SqlClientMetricsInitializerForSystemData' completed 
[2026-03-26T15:06:17.5440987Z] [Debug] EventSource=OpenTelemetry-AutoInstrumentation, Message=Initializer 'SqlClientMetricsInitializerForSystemData' completed 
[2026-03-26T15:06:17.8416324Z] [Debug] EventSource=OpenTelemetry-Sdk, Message=MeterProviderSdk event: 'Started publishing Instrument = "db.client.operation.duration" of Meter = "OpenTelemetry.Instrumentation.SqlClient".' 
[2026-03-26T15:06:17.8416324Z] [Debug] EventSource=OpenTelemetry-Sdk, Message=MeterProviderSdk event: 'Measurements for Instrument = "db.client.operation.duration" of Meter = "OpenTelemetry.Instrumentation.SqlClient" will be processed and aggregated by the SDK.' 
[2026-03-26T15:06:17.8871641Z] [Debug] EventSource=OpenTelemetry-Sdk, Message=Activity started. Name = 'SELECT sys.databases', Id = '00-bdefe97ab29203fe01bc3e75c29779c4-7f8f824c83efd114-01'. 
[2026-03-26T15:06:17.9027578Z] [Debug] EventSource=OpenTelemetry-Sdk, Message=Activity stopped. Name = 'SELECT sys.databases', Id = '00-bdefe97ab29203fe01bc3e75c29779c4-7f8f824c83efd114-01'. 
[2026-03-26T15:06:17.9920438Z] [Debug] EventSource=OpenTelemetry-Sdk, Message=Activity started. Name = 'SELECT sys.tables', Id = '00-cacdcc9b8847dee7192c0fd9aca8fd02-86d2c7cc7ef5dd4b-01'. 
[2026-03-26T15:06:18.0168051Z] [Debug] EventSource=OpenTelemetry-Sdk, Message=Activity stopped. Name = 'SELECT sys.tables', Id = '00-cacdcc9b8847dee7192c0fd9aca8fd02-86d2c7cc7ef5dd4b-01'. 
[2026-03-26T15:06:18.0201848Z] [Debug] EventSource=OpenTelemetry-Sdk, Message=Activity started. Name = 'SELECT Products', Id = '00-6e2bf7556c88491562f91ca8c6d0969d-b4677a73e50b6c36-01'. 
[2026-03-26T15:06:18.0481295Z] [Debug] EventSource=OpenTelemetry-Sdk, Message=Activity stopped. Name = 'SELECT Products', Id = '00-6e2bf7556c88491562f91ca8c6d0969d-b4677a73e50b6c36-01'. 
[2026-03-26T15:06:18.1546380Z] [Debug] Starting 'AspNetWebApiInitializerForTraces' initializer 
[2026-03-26T15:06:18.1546380Z] [Debug] EventSource=OpenTelemetry-AutoInstrumentation, Message=Starting 'AspNetWebApiInitializerForTraces' initializer 
[2026-03-26T15:06:18.1721422Z] [Debug] Starting 'AspNetDirectInitializerForTraces' initializer 
[2026-03-26T15:06:18.1721422Z] [Debug] EventSource=OpenTelemetry-AutoInstrumentation, Message=Starting 'AspNetDirectInitializerForTraces' initializer 
[2026-03-26T15:06:18.1811508Z] [Debug] EventSource=OpenTelemetry-Sdk, Message=MeterProviderSdk event: 'Started publishing Instrument = "http.server.request.duration" of Meter = "OpenTelemetry.Instrumentation.AspNet".' 
[2026-03-26T15:06:18.1821506Z] [Debug] EventSource=OpenTelemetry-Sdk, Message=MeterProviderSdk event: 'Measurements for Instrument = "http.server.request.duration" of Meter = "OpenTelemetry.Instrumentation.AspNet" will be processed and aggregated by the SDK.' 
[2026-03-26T15:06:18.1821506Z] [Debug] Initializer 'AspNetDirectInitializerForTraces' completed 
[2026-03-26T15:06:18.1821506Z] [Debug] EventSource=OpenTelemetry-AutoInstrumentation, Message=Initializer 'AspNetDirectInitializerForTraces' completed 
[2026-03-26T15:06:18.1821506Z] [Debug] Starting 'AspNetDirectInitializerForMetrics' initializer 
[2026-03-26T15:06:18.1821506Z] [Debug] EventSource=OpenTelemetry-AutoInstrumentation, Message=Starting 'AspNetDirectInitializerForMetrics' initializer 
[2026-03-26T15:06:18.1831507Z] [Debug] Initializer 'AspNetDirectInitializerForMetrics' completed 
[2026-03-26T15:06:18.1831507Z] [Debug] EventSource=OpenTelemetry-AutoInstrumentation, Message=Initializer 'AspNetDirectInitializerForMetrics' completed 
[2026-03-26T15:06:18.1831507Z] [Debug] Initializer 'AspNetWebApiInitializerForTraces' completed 
[2026-03-26T15:06:18.1831507Z] [Debug] EventSource=OpenTelemetry-AutoInstrumentation, Message=Initializer 'AspNetWebApiInitializerForTraces' completed 
[2026-03-26T15:06:18.1831507Z] [Debug] Starting 'AspNetWebApiInitializerForMetrics' initializer 
[2026-03-26T15:06:18.1831507Z] [Debug] EventSource=OpenTelemetry-AutoInstrumentation, Message=Starting 'AspNetWebApiInitializerForMetrics' initializer 
[2026-03-26T15:06:18.1831507Z] [Debug] Initializer 'AspNetWebApiInitializerForMetrics' completed 
[2026-03-26T15:06:18.1831507Z] [Debug] EventSource=OpenTelemetry-AutoInstrumentation, Message=Initializer 'AspNetWebApiInitializerForMetrics' completed 
[2026-03-26T15:06:18.2537244Z] [Debug] EventSource=OpenTelemetry-AutoInstrumentation-Loader, Message=Check assembly System.Diagnostics.DiagnosticSource 
[2026-03-26T15:06:18.2537244Z] [Debug] EventSource=OpenTelemetry-AutoInstrumentation-Loader, Message=Requester [<null>] requested [System.Diagnostics.DiagnosticSource, Version=10.0.0.2, Culture=neutral, PublicKeyToken=cc7b13ffcd2ddd51] 
[2026-03-26T15:06:18.2537244Z] [Debug] EventSource=OpenTelemetry-AutoInstrumentation-Loader, Message=Assembly.LoadFrom("C:\Users\sd789148\repos\otel-framework-auto-instrument\otel-dotnet-auto\netfx\System.Diagnostics.DiagnosticSource.dll") succeeded=True 
[2026-03-26T15:06:22.1872885Z] [Warning] EventSource=OpenTelemetry-Api, Message=Failed to inject activity context in format: 'TraceContextPropagator', context: 'Invalid context'. 
[2026-03-26T15:06:22.2943403Z] [Information] EventSource=OpenTelemetry-Exporter-OpenTelemetryProtocol, Message=Export succeeded for http://127.0.0.1:4318/v1/traces. Message: Export completed successfully. 
[2026-03-26T15:06:50.1738748Z] [Information] OpenTelemetry Automatic Instrumentation exit. 
